Using pre-set license
Built from '2021.1/staging' branch; Version is '2021.1.15f1 (e767a7370072) revision 15165351'; Using compiler version '192528614'; Build Type 'Release'
OS: 'Windows 10 Home Single Language; OS build 19043.1348; Version 2009; 64bit' Language: 'es' Physical Memory: 8029 MB
BatchMode: 1, IsHumanControllingUs: 0, StartBugReporterOnCrash: 0, Is64bit: 1, IsPro: 0

 COMMAND LINE ARGUMENTS:
C:\Program Files\Unity\Hub\Editor\2021.1.15f1\Editor\Unity.exe
-adb2
-batchMode
-noUpm
-name
AssetImportWorker0
-projectPath
C:/Users/Alejandro/Downloads/proyecto-de-segundo-corte-main
-logFile
Logs/AssetImportWorker0.log
-srvPort
50054
Successfully changed project path to: C:/Users/Alejandro/Downloads/proyecto-de-segundo-corte-main
C:/Users/Alejandro/Downloads/proyecto-de-segundo-corte-main
Using Asset Import Pipeline V2.
Refreshing native plugins compatible for Editor in 40.76 ms, found 3 plugins.
Preloading 0 native plugins for Editor in 0.00 ms.
Initialize engine version: 2021.1.15f1 (e767a7370072)
[Subsystems] Discovering subsystems at path C:/Program Files/Unity/Hub/Editor/2021.1.15f1/Editor/Data/Resources/UnitySubsystems
[Subsystems] Discovering subsystems at path C:/Users/Alejandro/Downloads/proyecto-de-segundo-corte-main/Assets
GfxDevice: creating device client; threaded=0; jobified=0
Direct3D:
    Version:  Direct3D 11.0 [level 11.1]
    Renderer: NVIDIA GeForce GTX 1650 (ID=0x1f91)
    Vendor:   NVIDIA
    VRAM:     3962 MB
    Driver:   30.0.14.7212
Initialize mono
Mono path[0] = 'C:/Program Files/Unity/Hub/Editor/2021.1.15f1/Editor/Data/Managed'
Mono path[1] = 'C:/Program Files/Unity/Hub/Editor/2021.1.15f1/Editor/Data/MonoBleedingEdge/lib/mono/unityjit'
Mono config path = 'C:/Program Files/Unity/Hub/Editor/2021.1.15f1/Editor/Data/MonoBleedingEdge/etc'
Using monoOptions --debugger-agent=transport=dt_socket,embedding=1,server=y,suspend=n,address=127.0.0.1:56608
Begin MonoManager ReloadAssembly
Registering precompiled unity dll's ...
Register platform support module: C:/Program Files/Unity/Hub/Editor/2021.1.15f1/Editor/Data/PlaybackEngines/WebGLSupport/UnityEditor.WebGL.Extensions.dll
Register platform support module: C:/Program Files/Unity/Hub/Editor/2021.1.15f1/Editor/Data/PlaybackEngines/WindowsStandaloneSupport/UnityEditor.WindowsStandalone.Extensions.dll
Registered in 0.001654 seconds.
Native extension for WindowsStandalone target not found
Native extension for WebGL target not found
Refreshing native plugins compatible for Editor in 40.85 ms, found 3 plugins.
Preloading 0 native plugins for Editor in 0.00 ms.
Mono: successfully reloaded assembly
- Completed reload, in  1.065 seconds
Domain Reload Profiling:
	ReloadAssembly (1065ms)
		BeginReloadAssembly (46ms)
			ExecutionOrderSort (0ms)
			DisableScriptedObjects (0ms)
			BackupInstance (0ms)
			ReleaseScriptingObjects (0ms)
			CreateAndSetChildDomain (1ms)
		EndReloadAssembly (389ms)
			LoadAssemblies (44ms)
			RebuildTransferFunctionScriptingTraits (0ms)
			SetupTypeCache (152ms)
			ReleaseScriptCaches (0ms)
			RebuildScriptCaches (28ms)
			SetupLoadedEditorAssemblies (168ms)
				LogAssemblyErrors (0ms)
				InitializePlatformSupportModulesInManaged (6ms)
				SetLoadedEditorAssemblies (0ms)
				RefreshPlugins (41ms)
				BeforeProcessingInitializeOnLoad (1ms)
				ProcessInitializeOnLoadAttributes (92ms)
				ProcessInitializeOnLoadMethodAttributes (27ms)
				AfterProcessingInitializeOnLoad (0ms)
				EditorAssembliesLoaded (0ms)
			ExecutionOrderSort2 (0ms)
			AwakeInstancesAfterBackupRestoration (0ms)
Platform modules already initialized, skipping
Registering precompiled user dll's ...
Registered in 0.003897 seconds.
Begin MonoManager ReloadAssembly
Native extension for WindowsStandalone target not found
Native extension for WebGL target not found
Refreshing native plugins compatible for Editor in 41.73 ms, found 3 plugins.
Preloading 0 native plugins for Editor in 0.00 ms.
Mono: successfully reloaded assembly
- Completed reload, in  1.140 seconds
Domain Reload Profiling:
	ReloadAssembly (1140ms)
		BeginReloadAssembly (131ms)
			ExecutionOrderSort (0ms)
			DisableScriptedObjects (4ms)
			BackupInstance (0ms)
			ReleaseScriptingObjects (0ms)
			CreateAndSetChildDomain (17ms)
		EndReloadAssembly (956ms)
			LoadAssemblies (77ms)
			RebuildTransferFunctionScriptingTraits (0ms)
			SetupTypeCache (283ms)
			ReleaseScriptCaches (0ms)
			RebuildScriptCaches (53ms)
			SetupLoadedEditorAssemblies (447ms)
				LogAssemblyErrors (0ms)
				InitializePlatformSupportModulesInManaged (4ms)
				SetLoadedEditorAssemblies (0ms)
				RefreshPlugins (42ms)
				BeforeProcessingInitializeOnLoad (57ms)
				ProcessInitializeOnLoadAttributes (326ms)
				ProcessInitializeOnLoadMethodAttributes (14ms)
				AfterProcessingInitializeOnLoad (4ms)
				EditorAssembliesLoaded (0ms)
			ExecutionOrderSort2 (0ms)
			AwakeInstancesAfterBackupRestoration (6ms)
Platform modules already initialized, skipping
========================================================================
Worker process is ready to serve import requests
Launched and connected shader compiler UnityShaderCompiler.exe after 0.03 seconds
Refreshing native plugins compatible for Editor in 0.49 ms, found 3 plugins.
Preloading 0 native plugins for Editor in 0.00 ms.
Unloading 2434 Unused Serialized files (Serialized files now loaded: 0)
System memory in use before: 107.5 MB.
System memory in use after: 107.7 MB.

Unloading 30 unused Assets to reduce memory usage. Loaded Objects now: 2886.
Total: 3.080500 ms (FindLiveObjects: 0.213100 ms CreateObjectMapping: 0.103400 ms MarkObjects: 2.711800 ms  DeleteObjects: 0.051500 ms)

AssetImportParameters requested are different than current active one (requested -> active):
  custom:framework-win-MediaFoundation: 216162199b28c13a410421893ffa2e32 -> 
  custom:video-decoder-ogg-theora: a1e56fd34408186e4bbccfd4996cb3dc -> 
  custom:container-muxer-webm: aa71ff27fc2769a1b78a27578f13a17b -> 
  custom:container-demuxer-webm: 4f35f7cbe854078d1ac9338744f61a02 -> 
  custom:container-demuxer-ogg: 62fdf1f143b41e24485cea50d1cbac27 -> 
  custom:video-encoder-webm-vp8: eb34c28f22e8b96e1ab97ce403110664 -> 
  custom:video-decoder-webm-vp8: 9c59270c3fd7afecdb556c50c9e8de78 -> 
  custom:audio-decoder-ogg-vorbis: bf7c407c2cedff20999df2af8eb42d56 -> 
  custom:audio-encoder-webm-vorbis: bf7c407c2cedff20999df2af8eb42d56 -> 
========================================================================
Received Import Request.
  path: Assets/Avispa
  artifactKey: Guid(619dcc7a06a585c46917d37b59dbd168) Importer(815301076,1909f56bfc062723c751e8b465ee728b)
Start importing Assets/Avispa using Guid(619dcc7a06a585c46917d37b59dbd168) Importer(815301076,1909f56bfc062723c751e8b465ee728b)  -> (artifact id: '930a51f478e4701471dbdf3fa5e6cc3f') in 0.008431 seconds 
========================================================================
Received Import Request.
  Time since last request: 64.781938 seconds.
  path: Assets/Avispa/enemy2.png
  artifactKey: Guid(69e6f5a63ad1f194eaf9a201ebdff41b) Importer(815301076,1909f56bfc062723c751e8b465ee728b)
Start importing Assets/Avispa/enemy2.png using Guid(69e6f5a63ad1f194eaf9a201ebdff41b) Importer(815301076,1909f56bfc062723c751e8b465ee728b)  -> (artifact id: 'db113200924ea46f3ec5592de16190f5') in 0.184099 seconds 
========================================================================
Received Import Request.
  Time since last request: 6.040553 seconds.
  path: Assets/Avispa/enemy_death.png
  artifactKey: Guid(d386bdf9b44f36b418539b242ef82bf0) Importer(815301076,1909f56bfc062723c751e8b465ee728b)
Start importing Assets/Avispa/enemy_death.png using Guid(d386bdf9b44f36b418539b242ef82bf0) Importer(815301076,1909f56bfc062723c751e8b465ee728b)  -> (artifact id: '78a515af50aa468ce597551f6cc20c8e') in 0.039343 seconds 
========================================================================
Received Import Request.
  Time since last request: 858.084458 seconds.
  path: Assets/Avispa/enemy2.png
  artifactKey: Guid(69e6f5a63ad1f194eaf9a201ebdff41b) Importer(815301076,1909f56bfc062723c751e8b465ee728b)
Start importing Assets/Avispa/enemy2.png using Guid(69e6f5a63ad1f194eaf9a201ebdff41b) Importer(815301076,1909f56bfc062723c751e8b465ee728b)  -> (artifact id: '82e2cfbaba38213cc0ae76ddd0d6722b') in 0.101204 seconds 
========================================================================
Received Import Request.
  Time since last request: 55.858759 seconds.
  path: Assets/Avispa/enemy2.png
  artifactKey: Guid(69e6f5a63ad1f194eaf9a201ebdff41b) Importer(815301076,1909f56bfc062723c751e8b465ee728b)
Start importing Assets/Avispa/enemy2.png using Guid(69e6f5a63ad1f194eaf9a201ebdff41b) Importer(815301076,1909f56bfc062723c751e8b465ee728b)  -> (artifact id: 'd8421a4b3bfcb6bb0ac73d684dc8a7b5') in 0.020077 seconds 
========================================================================
Received Import Request.
  Time since last request: 48.283455 seconds.
  path: Packages/com.unity.2d.sprite/Editor/ObjectMenuCreation/DefaultAssets/Textures/v2/Square.png
  artifactKey: Guid(311925a002f4447b3a28927169b83ea6) Importer(815301076,1909f56bfc062723c751e8b465ee728b)
Start importing Packages/com.unity.2d.sprite/Editor/ObjectMenuCreation/DefaultAssets/Textures/v2/Square.png using Guid(311925a002f4447b3a28927169b83ea6) Importer(815301076,1909f56bfc062723c751e8b465ee728b)  -> (artifact id: '6460c1762ac70d57fae85211fd0a36cc') in 0.039924 seconds 
========================================================================
Received Import Request.
  Time since last request: 39.250182 seconds.
  path: Assets/Avispa/Bee_idle.anim
  artifactKey: Guid(a9b2e6ac97aa2ac4aa808b47d27681c7) Importer(815301076,1909f56bfc062723c751e8b465ee728b)
Start importing Assets/Avispa/Bee_idle.anim using Guid(a9b2e6ac97aa2ac4aa808b47d27681c7) Importer(815301076,1909f56bfc062723c751e8b465ee728b)  -> (artifact id: '4529a7582ed78bc48e167b31c3b51bfd') in 0.013266 seconds 
========================================================================
Received Import Request.
  Time since last request: 9.040127 seconds.
  path: Assets/Avispa/enemy_death.png
  artifactKey: Guid(d386bdf9b44f36b418539b242ef82bf0) Importer(815301076,1909f56bfc062723c751e8b465ee728b)
Start importing Assets/Avispa/enemy_death.png using Guid(d386bdf9b44f36b418539b242ef82bf0) Importer(815301076,1909f56bfc062723c751e8b465ee728b)  -> (artifact id: '418a3051a59c8900359db990c4a0c4ee') in 0.015506 seconds 
========================================================================
Received Import Request.
  Time since last request: 4.713028 seconds.
  path: Assets/Avispa/enemy_death.png
  artifactKey: Guid(d386bdf9b44f36b418539b242ef82bf0) Importer(815301076,1909f56bfc062723c751e8b465ee728b)
Start importing Assets/Avispa/enemy_death.png using Guid(d386bdf9b44f36b418539b242ef82bf0) Importer(815301076,1909f56bfc062723c751e8b465ee728b)  -> (artifact id: 'fd5af885eb1cc8a2f742c8786f81bde1') in 0.013125 seconds 
========================================================================
Received Import Request.
  Time since last request: 16.630147 seconds.
  path: Assets/Avispa/enemy_death.png
  artifactKey: Guid(d386bdf9b44f36b418539b242ef82bf0) Importer(815301076,1909f56bfc062723c751e8b465ee728b)
Start importing Assets/Avispa/enemy_death.png using Guid(d386bdf9b44f36b418539b242ef82bf0) Importer(815301076,1909f56bfc062723c751e8b465ee728b)  -> (artifact id: '07f5b67b694dfceb4ae8ec6ca8f8c12d') in 0.059671 seconds 
========================================================================
Received Import Request.
  Time since last request: 52.876520 seconds.
  path: Assets/Avispa/Bee_Destroy.anim
  artifactKey: Guid(c453444d436473a4bbe11b0fb7b1074d) Importer(815301076,1909f56bfc062723c751e8b465ee728b)
Start importing Assets/Avispa/Bee_Destroy.anim using Guid(c453444d436473a4bbe11b0fb7b1074d) Importer(815301076,1909f56bfc062723c751e8b465ee728b)  -> (artifact id: '173d62ba75b20ba53e443bef5ebc417c') in 0.007994 seconds 
========================================================================
Received Import Request.
  Time since last request: 63.191711 seconds.
  path: Assets/Avispa/enemy2.png
  artifactKey: Guid(69e6f5a63ad1f194eaf9a201ebdff41b) Importer(815301076,1909f56bfc062723c751e8b465ee728b)
Start importing Assets/Avispa/enemy2.png using Guid(69e6f5a63ad1f194eaf9a201ebdff41b) Importer(815301076,1909f56bfc062723c751e8b465ee728b)  -> (artifact id: '2a17b2c377863c784938e398f080f7e6') in 0.033066 seconds 
========================================================================
Received Import Request.
  Time since last request: 5.807928 seconds.
  path: Assets/Avispa/enemy2.png
  artifactKey: Guid(69e6f5a63ad1f194eaf9a201ebdff41b) Importer(815301076,1909f56bfc062723c751e8b465ee728b)
Start importing Assets/Avispa/enemy2.png using Guid(69e6f5a63ad1f194eaf9a201ebdff41b) Importer(815301076,1909f56bfc062723c751e8b465ee728b)  -> (artifact id: '183331d723cc2a1d0cd82c6bfd4aeaf1') in 0.020605 seconds 
========================================================================
Received Import Request.
  Time since last request: 9.133214 seconds.
  path: Assets/Avispa/enemy2.png
  artifactKey: Guid(69e6f5a63ad1f194eaf9a201ebdff41b) Importer(815301076,1909f56bfc062723c751e8b465ee728b)
Start importing Assets/Avispa/enemy2.png using Guid(69e6f5a63ad1f194eaf9a201ebdff41b) Importer(815301076,1909f56bfc062723c751e8b465ee728b)  -> (artifact id: '361a0de41d7d30475ac631a2dc037023') in 0.019372 seconds 
========================================================================
Received Import Request.
  Time since last request: 307.767398 seconds.
  path: Assets/Enemigos 3 corte/Canon.controller
  artifactKey: Guid(d9aa69ac185f5b44b841274fbd191cb3) Importer(815301076,1909f56bfc062723c751e8b465ee728b)
Start importing Assets/Enemigos 3 corte/Canon.controller using Guid(d9aa69ac185f5b44b841274fbd191cb3) Importer(815301076,1909f56bfc062723c751e8b465ee728b)  -> (artifact id: '6378dd2c3d288687cdd0d2316ce30f95') in 0.033536 seconds 
========================================================================
Received Import Request.
  Time since last request: 12.623449 seconds.
  path: Assets/Avispa/Bee.controller
  artifactKey: Guid(4913eeb0ac6acb142bce70a4403e406c) Importer(815301076,1909f56bfc062723c751e8b465ee728b)
Start importing Assets/Avispa/Bee.controller using Guid(4913eeb0ac6acb142bce70a4403e406c) Importer(815301076,1909f56bfc062723c751e8b465ee728b)  -> (artifact id: 'f706b4c6cd23255ec3fb86072cc530ba') in 0.007020 seconds 
========================================================================
Received Import Request.
  Time since last request: 218.787046 seconds.
  path: Assets/Avispa/Bee.cs
  artifactKey: Guid(5a56054e0f221414b85e5812965af036) Importer(815301076,1909f56bfc062723c751e8b465ee728b)
Start importing Assets/Avispa/Bee.cs using Guid(5a56054e0f221414b85e5812965af036) Importer(815301076,1909f56bfc062723c751e8b465ee728b)  -> (artifact id: '56e01c7e4e6ee91ddbe725178feb319a') in 0.212822 seconds 
========================================================================
Received Prepare
Registering precompiled user dll's ...
Registered in 0.003794 seconds.
Begin MonoManager ReloadAssembly
Native extension for WindowsStandalone target not found
Native extension for WebGL target not found
Refreshing native plugins compatible for Editor in 0.89 ms, found 3 plugins.
Preloading 0 native plugins for Editor in 0.00 ms.
Mono: successfully reloaded assembly
- Completed reload, in  1.314 seconds
Domain Reload Profiling:
	ReloadAssembly (1314ms)
		BeginReloadAssembly (120ms)
			ExecutionOrderSort (0ms)
			DisableScriptedObjects (6ms)
			BackupInstance (0ms)
			ReleaseScriptingObjects (0ms)
			CreateAndSetChildDomain (39ms)
		EndReloadAssembly (1135ms)
			LoadAssemblies (89ms)
			RebuildTransferFunctionScriptingTraits (0ms)
			SetupTypeCache (368ms)
			ReleaseScriptCaches (1ms)
			RebuildScriptCaches (60ms)
			SetupLoadedEditorAssemblies (466ms)
				LogAssemblyErrors (0ms)
				InitializePlatformSupportModulesInManaged (8ms)
				SetLoadedEditorAssemblies (1ms)
				RefreshPlugins (1ms)
				BeforeProcessingInitializeOnLoad (66ms)
				ProcessInitializeOnLoadAttributes (375ms)
				ProcessInitializeOnLoadMethodAttributes (11ms)
				AfterProcessingInitializeOnLoad (5ms)
				EditorAssembliesLoaded (0ms)
			ExecutionOrderSort2 (0ms)
			AwakeInstancesAfterBackupRestoration (19ms)
Platform modules already initialized, skipping
Refreshing native plugins compatible for Editor in 0.64 ms, found 3 plugins.
Preloading 0 native plugins for Editor in 0.00 ms.
Unloading 2422 Unused Serialized files (Serialized files now loaded: 0)
System memory in use before: 114.8 MB.
System memory in use after: 115.1 MB.

Unloading 18 unused Assets to reduce memory usage. Loaded Objects now: 3062.
Total: 3.596000 ms (FindLiveObjects: 0.272100 ms CreateObjectMapping: 0.121100 ms MarkObjects: 3.170800 ms  DeleteObjects: 0.030800 ms)

AssetImportParameters requested are different than current active one (requested -> active):
  custom:framework-win-MediaFoundation: 216162199b28c13a410421893ffa2e32 -> 
  custom:video-decoder-ogg-theora: a1e56fd34408186e4bbccfd4996cb3dc -> 
  custom:container-muxer-webm: aa71ff27fc2769a1b78a27578f13a17b -> 
  custom:container-demuxer-webm: 4f35f7cbe854078d1ac9338744f61a02 -> 
  custom:container-demuxer-ogg: 62fdf1f143b41e24485cea50d1cbac27 -> 
  custom:video-encoder-webm-vp8: eb34c28f22e8b96e1ab97ce403110664 -> 
  custom:video-decoder-webm-vp8: 9c59270c3fd7afecdb556c50c9e8de78 -> 
  custom:audio-decoder-ogg-vorbis: bf7c407c2cedff20999df2af8eb42d56 -> 
  custom:audio-encoder-webm-vorbis: bf7c407c2cedff20999df2af8eb42d56 -> 
AssetImportWorkerClient::OnTransportError - code=2 error=End of file
